2023-03-24 19:24:54.129 - Action: CONNECTED - Client1
2023-03-24 21:13:29.564 - Action: CONNECTED - Client0
2023-03-24 21:13:29.586 - Action: CONNECTED - Client1
2023-03-24 21:13:49.410 - Action: MESSAGE - Client0 - "hyyye fwefuyhwef"
2023-03-25 07:39:20.944 - Action: CONNECTED - Client0
2023-03-25 07:39:20.963 - Action: CONNECTED - Client1
2023-03-25 09:12:58.561 - Action: CONNECTED - Client0
2023-03-25 09:12:58.578 - Action: CONNECTED - Client1
2023-03-25 09:18:30.641 - Action: CONNECTED - Client0
2023-03-25 09:18:30.653 - Action: CONNECTED - Client1
2023-03-25 09:19:18.224 - Action: MESSAGE - Client1 - "dtytdtdy cfwehgfbiwhefgbi"
2023-03-25 09:52:06.288 - Action: CONNECTED - Client0
2023-03-25 09:52:06.307 - Action: CONNECTED - Client1
2023-03-25 09:52:15.728 - Action: CONNECTED - Client0
2023-03-25 09:52:15.743 - Action: CONNECTED - Client1
2023-03-25 13:31:05.275 - Action: CONNECTED - Client0
2023-03-25 13:31:05.290 - Action: CONNECTED - Client1
2023-03-25 13:31:28.613 - Action: MESSAGE - Client0 - "bvkaw rgbheei"
2023-03-26 02:55:14.102 - Action: CONNECTED - Client0
2023-03-26 02:55:14.131 - Action: CONNECTED - Client1
2023-03-26 02:58:15.867 - Action: CONNECTED - Client0
2023-03-26 02:58:15.887 - Action: CONNECTED - Client1
2023-03-26 02:59:32.414 - Action: CONNECTED - Client0
2023-03-26 02:59:32.440 - Action: CONNECTED - Client1
2023-03-26 03:00:58.989 - Action: CONNECTED - Client0
2023-03-26 03:00:59.011 - Action: CONNECTED - Client1
2023-03-26 09:02:34.111 - Action: CONNECTED - Client0
2023-03-26 09:02:34.139 - Action: CONNECTED - Client1
2023-03-26 09:25:42.519 - Action: CONNECTED - Client0
2023-03-26 09:25:42.553 - Action: CONNECTED - Client1
2023-03-26 09:27:00.150 - Action: MESSAGE - Client0 - "/message"
2023-03-26 09:27:00.230 - Action: MESSAGE - Client1 - "hhhvf pateta"
2023-03-26 09:28:22.482 - Action: CONNECTED - Client0
2023-03-26 09:28:22.513 - Action: CONNECTED - Client1
2023-03-26 09:38:57.593 - Action: CONNECTED - Client0
2023-03-26 09:39:44.604 - Action: MESSAGE - Client0 - "jgjdrb tonto hgryjhfg cabrão"
2023-03-26 09:40:33.224 - Action: CONNECTED - Client1
2023-03-26 09:41:21.118 - Action: MESSAGE - Client1 - "hbfgbhg jerk yhgyuyg"
2023-03-26 09:59:46.830 - Action: CONNECTED - Client0
2023-03-26 09:59:58.648 - Action: MESSAGE - Client0 - "jkg toto jyhgrfey"
2023-03-26 10:00:33.406 - Action: MESSAGE - Client0 - "hgbwerhf jerk hhh"
2023-03-26 10:06:24.391 - Action: CONNECTED - Client0
2023-03-26 10:06:32.632 - Action: MESSAGE - Client0 - "jhef jerk gyygyg"
2023-03-26 10:07:12.132 - Action: CONNECTED - Client1
2023-03-26 10:07:22.862 - Action: MESSAGE - Client1 - "rfe hgfwhfg wef jerk"
2023-03-26 10:11:50.540 - Action: CONNECTED - Client0
2023-03-26 10:11:55.326 - Action: MESSAGE - Client0 - "fguiweg jerk"
2023-03-26 10:18:49.858 - Action: CONNECTED - Client0
2023-03-26 10:19:05.890 - Action: MESSAGE - Client0 - "jdjdj jerk gg"
2023-03-26 10:26:16.034 - Action: CONNECTED - Client0
2023-03-26 10:26:54.003 - Action: MESSAGE - Client0 - "mhfbg jerk jhgdf"
2023-03-26 10:29:52.393 - Action: CONNECTED - Client0
2023-03-26 10:29:56.895 - Action: MESSAGE - Client0 - "ygwef jerk"
2023-03-26 10:30:28.239 - Action: CONNECTED - Client1
2023-03-26 10:30:34.582 - Action: MESSAGE - Client1 - "jerk yhgfyef"
2023-03-26 10:39:07.473 - Action: CONNECTED - Client0
2023-03-26 10:39:20.358 - Action: MESSAGE - Client0 - "ndjdn jerk"
2023-03-26 10:43:12.298 - Action: CONNECTED - Client0
2023-03-26 10:43:30.994 - Action: MESSAGE - Client0 - "gfgfg jerk"
2023-03-26 10:47:47.549 - Action: CONNECTED - Client0
2023-03-26 10:47:53.159 - Action: MESSAGE - Client0 - "hfhfhg jerk"
2023-03-26 12:48:09.311 - Action: CONNECTED - Client0
2023-03-26 12:48:19.969 - Action: MESSAGE - Client0 - "hdhdhdgjerk"
2023-03-26 12:58:06.528 - Action: CONNECTED - Client0
2023-03-26 12:58:14.321 - Action: MESSAGE - Client0 - "gdfgdfgdg jerk"
2023-03-26 13:01:02.169 - Action: CONNECTED - Client0
2023-03-26 13:01:16.329 - Action: MESSAGE - Client0 - "hbf jerk"
2023-03-26 13:28:55.884 - Action: CONNECTED - Client0
2023-03-26 13:29:03.285 - Action: MESSAGE - Client0 - "gfgfghf jerk"
2023-03-26 14:09:45.822 - Action: CONNECTED - Client0
2023-03-26 14:09:53.315 - Action: MESSAGE - Client0 - "hxdfvjh jerk nnn"
2023-03-26 14:12:44.080 - Action: CONNECTED - Client0
2023-03-26 14:12:53.244 - Action: MESSAGE - Client0 - "hgfv jerk hnhhh"
2023-03-26 14:18:18.039 - Action: CONNECTED - Client0
2023-03-26 14:18:26.099 - Action: MESSAGE - Client0 - "jhdjfasd jerk ghghg"
2023-03-26 14:24:07.241 - Action: CONNECTED - Client0
2023-03-26 14:24:14.090 - Action: MESSAGE - Client0 - "hghghg jerk"
2023-03-26 14:30:43.656 - Action: CONNECTED - Client0
2023-03-26 14:30:49.871 - Action: MESSAGE - Client0 - "jerk hhhghghg"
2023-03-26 14:40:29.377 - Action: CONNECTED - Client0
2023-03-26 14:40:35.247 - Action: MESSAGE - Client0 - "gfggfgf jerk"
2023-03-26 14:43:33.805 - Action: CONNECTED - Client0
2023-03-26 14:43:45.220 - Action: MESSAGE - Client0 - "ghfvej jerk"
2023-03-26 14:46:02.239 - Action: CONNECTED - Client0
2023-03-26 14:46:14.876 - Action: MESSAGE - Client0 - "hdfhfhfh jerk"
2023-03-26 14:54:37.852 - Action: CONNECTED - Client0
2023-03-26 14:54:48.548 - Action: MESSAGE - Client0 - "hgdfe jerk"
2023-03-26 14:55:04.547 - Action: CONNECTED - Client1
2023-03-26 14:55:13.371 - Action: MESSAGE - Client1 - "jerk hfhhfhfh jerk hhh"
2023-03-26 16:24:38.735 - Action: CONNECTED - Client0
2023-03-26 16:24:48.573 - Action: CONNECTED - Client1
2023-03-26 16:25:11.184 - Action: MESSAGE - Client1 - "jgdrf jerk tonto"
